Login attempt at 2025-05-27 10:39:47
Login attempt with email: admin@carrental.com
Account table check: User not found
Checking users table
Users table check: User found
Password verified for users table user
Admin user found in users table (is_admin=true)
Redirecting to admin dashboard
Login attempt at 2025-05-27 10:41:20
Login attempt with email: admin@carrental.com
Account table check: User not found
Checking users table
Users table check: User found
Password verified for users table user
Admin user found in users table (is_admin=true)
Redirecting to admin dashboard
Login attempt at 2025-05-27 10:42:32
Login attempt with email: admin@carrental.com
Account table check: User not found
Checking users table
Users table check: User found
Password verified for users table user
Admin user found in users table (is_admin=true)
Redirecting to admin dashboard
Login attempt at 2025-05-27 10:42:42
Login attempt with email: jbjb2000@gmail.com
Account table check: User found
Password verified for account table user
Redirecting regular user to homepage
Login attempt at 2025-05-27 10:44:28
Login attempt with email: admin@carrental.com
Account table check: User not found
Checking users table
Users table check: User found
Password verified for users table user
Admin user found in users table (is_admin=true)
Redirecting to admin dashboard
Login attempt at 2025-05-27 10:58:19
Login attempt with email: admin@carrental.com
Account table check: User not found
Checking users table
Users table check: User found
Password verified for users table user
Admin user found in users table (is_admin=true)
Redirecting to admin dashboard
Login attempt at 2025-05-27 10:59:12
Login attempt with email: jbjb2000@gmail.com
Account table check: User found
Password verified for account table user
Redirecting regular user to homepage
Login attempt at 2025-05-27 10:59:34
Login attempt with email: admin@carrental.com
Account table check: User not found
Checking users table
Users table check: User found
Password verified for users table user
Admin user found in users table (is_admin=true)
Redirecting to admin dashboard
Login attempt at 2025-05-27 11:16:50
Login attempt with email: admin@carrental.com
Account table check: User not found
Checking users table
Users table check: User found
Password verified for users table user
Admin user found in users table (is_admin=true)
Redirecting to admin dashboard
Login attempt at 2025-05-27 11:29:05
Login attempt with email: admin@carrental.com
Account table check: User not found
Checking users table
Users table check: User found
Password verified for users table user
Admin user found in users table (is_admin=true)
Redirecting to admin dashboard
Login attempt at 2025-05-27 11:29:23
Login attempt with email: admin@carrental.com
Account table check: User not found
Checking users table
Users table check: User found
Password verified for users table user
Admin user found in users table (is_admin=true)
Redirecting to admin dashboard
Login attempt at 2025-05-27 11:39:47
Login attempt with email: admin@carrental.com
Account table check: User not found
Checking users table
Users table check: User found
Password verified for users table user
Admin user found in users table (is_admin=true)
Redirecting to admin dashboard
Login attempt at 2025-05-27 11:47:45
Login attempt with email: jailon1@gmail.com
Account table check: User found
Checking users table
Users table check: User not found
Invalid credentials, redirecting to login form
Login attempt at 2025-05-27 11:47:48
Login attempt with email: jbjb2000@gmail.com
Account table check: User found
Password verified for account table user
Redirecting regular user to homepage
Login attempt at 2025-05-27 11:52:25
Login attempt with email: admin@carrental.com
Account table check: User not found
Checking users table
Users table check: User found
Password verified for users table user
Admin user found in users table (is_admin=true)
Redirecting to admin dashboard
Login attempt at 2025-05-27 11:55:38
Login attempt with email: jailon1@gmail.com
Account table check: User found
Checking users table
Users table check: User not found
Invalid credentials, redirecting to login form
Login attempt at 2025-05-27 11:55:40
Login attempt with email: jbjb2000@gmail.com
Account table check: User found
Password verified for account table user
Redirecting regular user to homepage
Login attempt at 2025-05-27 11:59:30
Login attempt with email: admin@carrental.com
Account table check: User not found
Checking users table
Users table check: User found
Password verified for users table user
Admin user found in users table (is_admin=true)
Redirecting to admin dashboard
Login attempt at 2025-05-27 12:49:20
Login attempt with email: admin@carrental.com
Account table check: User not found
Checking users table
Users table check: User found
Password verified for users table user
Admin user found in users table (is_admin=true)
Redirecting to admin dashboard
Login attempt at 2025-05-27 12:50:06
Login attempt with email: jailon1@gmail.com
Account table check: User found
Checking users table
Users table check: User not found
Invalid credentials, redirecting to login form
Login attempt at 2025-05-27 12:50:08
Login attempt with email: jbjb2000@gmail.com
Account table check: User found
Password verified for account table user
Redirecting regular user to homepage
Login attempt at 2025-05-27 13:09:51
Login attempt with email: admin@carrental.com
Account table check: User not found
Checking users table
Users table check: User found
Password verified for users table user
Admin user found in users table (is_admin=true)
Redirecting to admin dashboard
Login attempt at 2025-05-27 13:29:52
Login attempt with email: admin@carrental.com
Account table check: User not found
Checking users table
Users table check: User found
Password verified for users table user
Admin user found in users table (is_admin=true)
Redirecting to admin dashboard
Login attempt at 2025-06-03 13:20:42
Login attempt with email: admin@carrental.com
Account table check: User not found
Checking users table
Users table check: User found
Password verified for users table user
Admin user found in users table (is_admin=true)
Redirecting to admin dashboard
Login attempt at 2025-06-03 13:21:17
Login attempt with email: jailon1@gmail.com
Account table check: User found
Checking users table
Users table check: User not found
Invalid credentials, redirecting to login form
Login attempt at 2025-06-03 13:21:19
Login attempt with email: jbjb2000@gmail.com
Account table check: User found
Password verified for account table user
Redirecting regular user to homepage
Login attempt at 2025-06-10 09:21:28
Login attempt with email: admin@carrental.com
Account table check: User not found
Checking users table
Users table check: User found
Password verified for users table user
Admin user found in users table (is_admin=true)
Redirecting to admin dashboard
Login attempt at 2025-06-10 14:01:51
Login attempt with email: admin@carrental.com
Account table check: User not found
Checking users table
Users table check: User found
Password verified for users table user
Admin user found in users table (is_admin=true)
Redirecting to admin dashboard
Login attempt at 2025-06-10 14:03:31
Login attempt with email: jbjb2000@gmail.com
Account table check: User found
Password verified for account table user
Redirecting regular user to homepage
Login attempt at 2025-06-13 14:36:00
Login attempt with email: jbjb2000@gmail.com
Account table check: User found
Password verified for account table user
Redirecting regular user to homepage
Login attempt at 2025-06-17 11:21:49
Login attempt with email: jbjb2000@gmail.com
Account table check: User found
Password verified for account table user
Redirecting regular user to homepage
Login attempt at 2025-06-17 14:41:55
Login attempt with email: jbjb2000@gmail.com
Account table check: User found
Password verified for account table user
Redirecting regular user to homepage
Login attempt at 2025-06-18 09:17:28
Login attempt with email: jbjb2000@gmail.com
Account table check: User found
Password verified for account table user
Redirecting regular user to homepage
Login attempt at 2025-06-20 14:41:56
Login attempt with email: admin@carrental.com
Account table check: User not found
Checking users table
Users table check: User found
User found in users table but password incorrect
Special case for admin@carrental.com
Invalid credentials, redirecting to login form
Login attempt at 2025-06-20 14:41:59
Login attempt with email: admin@example.com
Account table check: User not found
Checking users table
Users table check: User not found
Invalid credentials, redirecting to login form
Login attempt at 2025-06-20 14:42:04
Login attempt with email: admin@carrental.com
Account table check: User not found
Checking users table
Users table check: User found
User found in users table but password incorrect
Special case for admin@carrental.com
Invalid credentials, redirecting to login form
Login attempt at 2025-06-20 14:42:07
Login attempt with email: admin@example.com
Account table check: User not found
Checking users table
Users table check: User not found
Invalid credentials, redirecting to login form
Login attempt at 2025-06-20 14:42:48
Login attempt with email: admin@carrental.com
Account table check: User not found
Checking users table
Users table check: User found
User found in users table but password incorrect
Special case for admin@carrental.com
Invalid credentials, redirecting to login form
Login attempt at 2025-06-20 14:43:15
Login attempt with email: jbjb2000@gmail.com
Account table check: User found
Password verified for account table user
Redirecting regular user to homepage
Login attempt at 2025-06-20 14:43:22
Login attempt with email: admin@carrental.com
Account table check: User not found
Checking users table
Users table check: User found
User found in users table but password incorrect
Special case for admin@carrental.com
Invalid credentials, redirecting to login form
Login attempt at 2025-06-20 14:43:31
Login attempt with email: admin@carrental.com
Account table check: User not found
Checking users table
Users table check: User found
User found in users table but password incorrect
Special case for admin@carrental.com
Invalid credentials, redirecting to login form
Login attempt at 2025-06-22 11:19:36
Login attempt with email: jbjb2000@gmail.com
Account table check: User found
Password verified for account table user
Redirecting regular user to homepage
